2023-02-18 16:10:40,471:INFO:PyCaret Supervised Module
2023-02-18 16:10:40,471:INFO:ML Usecase: regression
2023-02-18 16:10:40,471:INFO:version 2.2.3
2023-02-18 16:10:40,471:INFO:Initializing setup()
2023-02-18 16:10:40,471:INFO:setup(target=Sleep efficiency, ml_usecase=regression, available_plots={'parameter': 'Hyperparameters', 'residuals': 'Residuals', 'error': 'Prediction Error', 'cooks': 'Cooks Distance', 'rfe': 'Feature Selection', 'learning': 'Learning Curve', 'manifold': 'Manifold Learning', 'vc': 'Validation Curve', 'feature': 'Feature Importance', 'feature_all': 'Feature Importance (All)', 'tree': 'Decision Tree'}, train_size=0.7, test_data=None, preprocess=True, imputation_type=simple, iterative_imputation_iters=5, categorical_features=None, categorical_imputation=constant, categorical_iterative_imputer=lightgbm, ordinal_features=None, high_cardinality_features=None, high_cardinality_method=frequency, numeric_features=None, numeric_imputation=mean, numeric_iterative_imputer=lightgbm, date_features=None, ignore_features=None, normalize=False, normalize_method=zscore, transformation=False, transformation_method=yeo-johnson, handle_unknown_categorical=True, unknown_categorical_method=least_frequent, pca=False, pca_method=linear, pca_components=None, ignore_low_variance=False, combine_rare_levels=False, rare_level_threshold=0.1, bin_numeric_features=None, remove_outliers=False, outliers_threshold=0.05, remove_multicollinearity=False, multicollinearity_threshold=0.9, remove_perfect_collinearity=True, create_clusters=False, cluster_iter=20, polynomial_features=False, polynomial_degree=2, trigonometry_features=False, polynomial_threshold=0.1, group_features=None, group_names=None, feature_selection=False, feature_selection_threshold=0.8, feature_selection_method=classic, feature_interaction=False, feature_ratio=False, interaction_threshold=0.01, fix_imbalance=False, fix_imbalance_method=None, transform_target=False, transform_target_method=box-cox, data_split_shuffle=True, data_split_stratify=False, fold_strategy=kfold, fold=10, fold_shuffle=False, fold_groups=None, n_jobs=-1, use_gpu=False, custom_pipeline=None, html=True, session_id=1, log_experiment=True, experiment_name=ca_sleep, log_plots=False, log_profile=False, log_data=False, silent=False, verbose=True, profile=False, profile_kwargs=None, display=None)
2023-02-18 16:10:40,471:INFO:Checking environment
2023-02-18 16:10:40,471:INFO:python_version: 3.9.7
2023-02-18 16:10:40,471:INFO:python_build: ('default', 'Sep 16 2021 16:59:28')
2023-02-18 16:10:40,471:INFO:machine: AMD64
2023-02-18 16:10:40,471:INFO:platform: Windows-10-10.0.22621-SP0
2023-02-18 16:10:40,471:INFO:Memory: svmem(total=16867250176, available=6323613696, percent=62.5, used=10543636480, free=6323613696)
2023-02-18 16:10:40,471:INFO:Physical Core: 4
2023-02-18 16:10:40,471:INFO:Logical Core: 8
2023-02-18 16:10:40,471:INFO:Checking libraries
2023-02-18 16:10:40,471:INFO:pd==1.3.4
2023-02-18 16:10:40,471:INFO:numpy==1.20.3
2023-02-18 16:10:40,471:INFO:sklearn==0.24.2
2023-02-18 16:10:40,471:INFO:xgboost==1.7.3
2023-02-18 16:10:40,471:INFO:lightgbm==3.2.1
2023-02-18 16:10:40,471:INFO:catboost==1.0.5
2023-02-18 16:10:41,764:INFO:mlflow==1.30.0
2023-02-18 16:10:41,764:INFO:Checking Exceptions
2023-02-18 16:10:41,764:INFO:Declaring global variables
2023-02-18 16:10:41,764:INFO:USI: 7c5b
2023-02-18 16:10:41,764:INFO:pycaret_globals: {'data_before_preprocess', 'iterative_imputation_iters_param', 'master_model_container', 'fix_imbalance_method_param', 'pycaret_globals', 'experiment__', '_internal_pipeline', 'USI', 'create_model_container', 'X_test', 'y_test', 'n_jobs_param', 'y_train', '_gpu_n_jobs_param', 'log_plots_param', 'imputation_regressor', 'seed', 'fold_param', 'fix_imbalance_param', 'logging_param', 'target_param', '_available_plots', 'X', 'display_container', 'fold_groups_param', 'html_param', 'fold_generator', '_ml_usecase', '_all_metrics', 'y', '_all_models', 'fold_shuffle_param', 'gpu_param', 'transform_target_param', 'prep_pipe', '_all_models_internal', 'stratify_param', 'imputation_classifier', 'exp_name_log', 'transform_target_method_param', 'X_train'}
2023-02-18 16:10:41,764:INFO:Preparing display monitor
2023-02-18 16:10:41,764:INFO:Preparing display monitor
2023-02-18 16:10:41,781:INFO:Importing libraries
2023-02-18 16:10:41,781:INFO:Copying data for preprocessing
2023-02-18 16:10:41,792:INFO:Declaring preprocessing parameters
2023-02-18 16:10:41,796:INFO:Creating preprocessing pipeline
2023-02-18 16:10:41,803:INFO:Preprocessing pipeline created successfully
2023-02-18 16:10:41,804:ERROR:(Process Exit): setup has been interupted with user command 'quit'. setup must rerun.
2023-02-18 16:10:41,804:INFO:Creating global containers
